[debug] [2024-03-15T16:55:51.002Z] ----------------------------------------------------------------------
[debug] [2024-03-15T16:55:51.004Z] Command:       C:\Program Files\nodejs\node.exe C:\Users\Mhmdh\AppData\Roaming\npm\node_modules\firebase-tools\lib\bin\firebase.js init
[debug] [2024-03-15T16:55:51.005Z] CLI Version:   13.3.1
[debug] [2024-03-15T16:55:51.005Z] Platform:      win32
[debug] [2024-03-15T16:55:51.005Z] Node Version:  v20.9.0
[debug] [2024-03-15T16:55:51.005Z] Time:          Fri Mar 15 2024 18:55:51 GMT+0200 (Eastern European Standard Time)
[debug] [2024-03-15T16:55:51.005Z] ----------------------------------------------------------------------
[debug] 
[debug] [2024-03-15T16:55:51.010Z] >>> [apiv2][query] GET https://firebase-public.firebaseio.com/cli.json [none]
[debug] [2024-03-15T16:55:51.057Z] > command requires scopes: ["email","openid","https://www.googleapis.com/auth/cloudplatformprojects.readonly","https://www.googleapis.com/auth/firebase","https://www.googleapis.com/auth/cloud-platform"]
[debug] [2024-03-15T16:55:51.058Z] > authorizing via signed-in user (ibrahim20.mohamed@gmail.com)
[info] 
     ######## #### ########  ######## ########     ###     ######  ########
     ##        ##  ##     ## ##       ##     ##  ##   ##  ##       ##
     ######    ##  ########  ######   ########  #########  ######  ######
     ##        ##  ##    ##  ##       ##     ## ##     ##       ## ##
     ##       #### ##     ## ######## ########  ##     ##  ######  ########

You're about to initialize a Firebase project in this directory:

  C:\Users\Mhmdh\Web_Projects\Instant Work\INSTAT Offline FR29\S16\Yummy

[debug] [2024-03-15T16:55:52.195Z] <<< [apiv2][status] GET https://firebase-public.firebaseio.com/cli.json 200
[debug] [2024-03-15T16:55:52.196Z] <<< [apiv2][body] GET https://firebase-public.firebaseio.com/cli.json {"cloudBuildErrorAfter":1594252800000,"cloudBuildWarnAfter":1590019200000,"defaultNode10After":1594252800000,"minVersion":"3.0.5","node8DeploysDisabledAfter":1613390400000,"node8RuntimeDisabledAfter":1615809600000,"node8WarnAfter":1600128000000}
[info] 
=== Project Setup
[info] 
[info] First, let's associate this project directory with a Firebase project.
[info] You can create multiple project aliases by running firebase use --add, 
[info] but for now we'll just set up a default project.
[info] 
